<?xml version="1.0" encoding="UTF-8"?>
<testng-results ignored="0" total="1" passed="1" failed="0" skipped="0">
  <reporter-output>
  </reporter-output>
  <suite started-at="2021-10-01T22:46:05 IST" name="Suite" finished-at="2021-10-01T22:46:16 IST" duration-ms="11036">
    <groups>
    </groups>
    <test started-at="2021-10-01T22:46:05 IST" name="Test" finished-at="2021-10-01T22:46:16 IST" duration-ms="11036">
      <class name="SeleniumTestLearn.SeleniumTestLearn.HomePageTest">
        <test-method is-config="true" signature="setup()[pri:0, instance:SeleniumTestLearn.SeleniumTestLearn.HomePageTest@b62d79]" started-at="2021-10-01T22:46:05 IST" name="setup" finished-at="2021-10-01T22:46:15 IST" duration-ms="10576" status="PASS">
          <reporter-output>
          </reporter-output>
        </test-method> <!-- setup -->
        <test-method signature="testHomePageLinks()[pri:0, instance:SeleniumTestLearn.SeleniumTestLearn.HomePageTest@b62d79]" started-at="2021-10-01T22:46:15 IST" name="testHomePageLinks" finished-at="2021-10-01T22:46:15 IST" duration-ms="90" status="PASS">
          <reporter-output>
          </reporter-output>
        </test-method> <!-- testHomePageLinks -->
        <test-method is-config="true" signature="close()[pri:0, instance:SeleniumTestLearn.SeleniumTestLearn.HomePageTest@b62d79]" started-at="2021-10-01T22:46:15 IST" name="close" finished-at="2021-10-01T22:46:16 IST" duration-ms="312" status="PASS">
          <reporter-output>
          </reporter-output>
        </test-method> <!-- close -->
      </class> <!-- SeleniumTestLearn.SeleniumTestLearn.HomePageTest -->
    </test> <!-- Test -->
  </suite> <!-- Suite -->
</testng-results>
